-------------------------------------------------------------------------------
Test set: com.example.First_test
-------------------------------------------------------------------------------
Tests run: 2, Failures: 0, Errors: 2, Skipped: 0, Time elapsed: 0.038 s <<< FAILURE! - in com.example.First_test
initializationError(com.example.First_test)  Time elapsed: 0.005 s  <<< ERROR!
java.lang.Exception: Method main() should not be static

initializationError(com.example.First_test)  Time elapsed: 0 s  <<< ERROR!
java.lang.Exception: Method main should have no parameters

